<?xml version="1.0" encoding="UTF-8"?>
<!-- Generated by org.testng.reporters.JUnitXMLReporter -->
<testsuite hostname="INW-549" ignored="0" name="Command line test" tests="8" failures="0" timestamp="2021-12-10T12:12:42 IST" time="0.099" errors="0">
  <testcase name="APItest1" time="0.008" classname="DucatTraining.MavenProject.APITest"/>
  <testcase name="APItest2" time="0.001" classname="DucatTraining.MavenProject.APITest"/>
  <testcase name="Databasetest1" time="0.0" classname="DucatTraining.MavenProject.DatabaseTest"/>
  <testcase name="Databasetest2" time="0.0" classname="DucatTraining.MavenProject.DatabaseTest"/>
  <testcase name="mobiletest1" time="0.001" classname="DucatTraining.MavenProject.MobileTest"/>
  <testcase name="mobiletest2" time="0.0" classname="DucatTraining.MavenProject.MobileTest"/>
  <testcase name="webtest1" time="0.0" classname="DucatTraining.MavenProject.WebTest"/>
  <testcase name="webtest2" time="0.0" classname="DucatTraining.MavenProject.WebTest"/>
</testsuite> <!-- Command line test -->
